2011/11/04 14:22:59 [error] [exception.CHttpException.404] exception 'CHttpException' with message 'Unable to resolve the request "gii".' in /Applications/MAMP/htdocs/yii/framework/web/CWebApplication.php:281
Stack trace:
#0 /Applications/MAMP/htdocs/yii/framework/web/CWebApplication.php(136): CWebApplication->runController('gii')
#1 /Applications/MAMP/htdocs/yii/framework/base/CApplication.php(158): CWebApplication->processRequest()
#2 /Applications/MAMP/htdocs/projektet/index.php(13): CApplication->run()
#3 {main} REQUEST_URI=/projektet/?r=gii
2011/11/04 14:25:18 [error] [exception.CHttpException.404] exception 'CHttpException' with message 'Unable to resolve the request "gii".' in /Applications/MAMP/htdocs/yii/framework/web/CWebApplication.php:281
Stack trace:
#0 /Applications/MAMP/htdocs/yii/framework/web/CWebApplication.php(136): CWebApplication->runController('gii')
#1 /Applications/MAMP/htdocs/yii/framework/base/CApplication.php(158): CWebApplication->processRequest()
#2 /Applications/MAMP/htdocs/projektet/index.php(13): CApplication->run()
#3 {main} REQUEST_URI=/projektet/index.php?r=gii
2011/11/04 14:25:21 [error] [exception.CHttpException.404] exception 'CHttpException' with message 'Unable to resolve the request "gii".' in /Applications/MAMP/htdocs/yii/framework/web/CWebApplication.php:281
Stack trace:
#0 /Applications/MAMP/htdocs/yii/framework/web/CWebApplication.php(136): CWebApplication->runController('gii')
#1 /Applications/MAMP/htdocs/yii/framework/base/CApplication.php(158): CWebApplication->processRequest()
#2 /Applications/MAMP/htdocs/projektet/index.php(13): CApplication->run()
#3 {main} REQUEST_URI=/projektet/index.php?r=gii
2011/11/04 16:12:06 [error] [php] Missing argument 3 for CActiveForm::dropDownList(), called in /Applications/MAMP/htdocs/projektet/protected/views/user/_form.php on line 20 and defined (/Applications/MAMP/htdocs/yii/framework/web/widgets/CActiveForm.php:672)
Stack trace:
#0 /Applications/MAMP/htdocs/yii/framework/web/CBaseController.php(88): UserController->renderInternal()
#1 /Applications/MAMP/htdocs/yii/framework/web/CController.php(866): UserController->renderFile()
#2 /Applications/MAMP/htdocs/projektet/protected/views/user/create.php(15): UserController->renderPartial()
#3 /Applications/MAMP/htdocs/yii/framework/web/CBaseController.php(119): require()
#4 /Applications/MAMP/htdocs/yii/framework/web/CBaseController.php(88): UserController->renderInternal()
#5 /Applications/MAMP/htdocs/yii/framework/web/CController.php(866): UserController->renderFile()
#6 /Applications/MAMP/htdocs/yii/framework/web/CController.php(779): UserController->renderPartial()
#7 /Applications/MAMP/htdocs/projektet/protected/controllers/UserController.php(78): UserController->render()
#8 /Applications/MAMP/htdocs/yii/framework/web/actions/CInlineAction.php(50): UserController->actionCreate()
#9 /Applications/MAMP/htdocs/yii/framework/web/CController.php(300): CInlineAction->runWithParams()
#10 /Applications/MAMP/htdocs/yii/framework/web/filters/CFilterChain.php(134): UserController->runAction()
#11 /Applications/MAMP/htdocs/yii/framework/web/filters/CFilter.php(41): CFilterChain->run()
#12 /Applications/MAMP/htdocs/yii/framework/web/CController.php(1144): CAccessControlFilter->filter()
#13 /Applications/MAMP/htdocs/yii/framework/web/filters/CInlineFilter.php(59): UserController->filterAccessControl()
#14 /Applications/MAMP/htdocs/yii/framework/web/filters/CFilterChain.php(131): CInlineFilter->filter()
#15 /Applications/MAMP/htdocs/yii/framework/web/CController.php(283): CFilterChain->run()
#16 /Applications/MAMP/htdocs/yii/framework/web/CController.php(257): UserController->runActionWithFilters()
#17 /Applications/MAMP/htdocs/yii/framework/web/CWebApplication.php(277): UserController->run()
#18 /Applications/MAMP/htdocs/yii/framework/web/CWebApplication.php(136): CWebApplication->runController()
#19 /Applications/MAMP/htdocs/yii/framework/base/CApplication.php(158): CWebApplication->processRequest()
#20 /Applications/MAMP/htdocs/projektet/index.php(13): CWebApplication->run()
REQUEST_URI=/projektet/index.php?r=user/create
in /Applications/MAMP/htdocs/projektet/protected/views/user/_form.php (20)
in /Applications/MAMP/htdocs/projektet/protected/views/user/create.php (15)
in /Applications/MAMP/htdocs/projektet/protected/controllers/UserController.php (78)
2011/11/07 17:07:08 [error] [exception.CException] exception 'CException' with message 'Usertypes and its behaviors do not have a method or closure named "fetchall".' in /Applications/MAMP/htdocs/yii/framework/base/CComponent.php:269
Stack trace:
#0 /Applications/MAMP/htdocs/yii/framework/db/ar/CActiveRecord.php(214): CComponent->__call('fetchall', Array)
#1 [internal function]: CActiveRecord->__call('fetchall', Array)
#2 /Applications/MAMP/htdocs/projektet/protected/controllers/UserController.php(66): Usertypes->fetchall()
#3 /Applications/MAMP/htdocs/yii/framework/web/actions/CInlineAction.php(50): UserController->actionCreate()
#4 /Applications/MAMP/htdocs/yii/framework/web/CController.php(300): CInlineAction->runWithParams(Array)
#5 /Applications/MAMP/htdocs/yii/framework/web/filters/CFilterChain.php(134): CController->runAction(Object(CInlineAction))
#6 /Applications/MAMP/htdocs/yii/framework/web/filters/CFilter.php(41): CFilterChain->run()
#7 /Applications/MAMP/htdocs/yii/framework/web/CController.php(1144): CFilter->filter(Object(CFilterChain))
#8 /Applications/MAMP/htdocs/yii/framework/web/filters/CInlineFilter.php(59): CController->filterAccessControl(Object(CFilterChain))
#9 /Applications/MAMP/htdocs/yii/framework/web/filters/CFilterChain.php(131): CInlineFilter->filter(Object(CFilterChain))
#10 /Applications/MAMP/htdocs/yii/framework/web/CController.php(283): CFilterChain->run()
#11 /Applications/MAMP/htdocs/yii/framework/web/CController.php(257): CController->runActionWithFilters(Object(CInlineAction), Array)
#12 /Applications/MAMP/htdocs/yii/framework/web/CWebApplication.php(277): CController->run('create')
#13 /Applications/MAMP/htdocs/yii/framework/web/CWebApplication.php(136): CWebApplication->runController('user/create')
#14 /Applications/MAMP/htdocs/yii/framework/base/CApplication.php(158): CWebApplication->processRequest()
#15 /Applications/MAMP/htdocs/projektet/index.php(13): CApplication->run()
#16 {main} REQUEST_URI=/projektet/index.php?r=user/create
2011/11/07 17:08:00 [error] [exception.CException] exception 'CException' with message 'Usertypes and its behaviors do not have a method or closure named "fetchAll".' in /Applications/MAMP/htdocs/yii/framework/base/CComponent.php:269
Stack trace:
#0 /Applications/MAMP/htdocs/yii/framework/db/ar/CActiveRecord.php(214): CComponent->__call('fetchAll', Array)
#1 [internal function]: CActiveRecord->__call('fetchAll', Array)
#2 /Applications/MAMP/htdocs/projektet/protected/controllers/UserController.php(66): Usertypes->fetchAll()
#3 /Applications/MAMP/htdocs/yii/framework/web/actions/CInlineAction.php(50): UserController->actionCreate()
#4 /Applications/MAMP/htdocs/yii/framework/web/CController.php(300): CInlineAction->runWithParams(Array)
#5 /Applications/MAMP/htdocs/yii/framework/web/filters/CFilterChain.php(134): CController->runAction(Object(CInlineAction))
#6 /Applications/MAMP/htdocs/yii/framework/web/filters/CFilter.php(41): CFilterChain->run()
#7 /Applications/MAMP/htdocs/yii/framework/web/CController.php(1144): CFilter->filter(Object(CFilterChain))
#8 /Applications/MAMP/htdocs/yii/framework/web/filters/CInlineFilter.php(59): CController->filterAccessControl(Object(CFilterChain))
#9 /Applications/MAMP/htdocs/yii/framework/web/filters/CFilterChain.php(131): CInlineFilter->filter(Object(CFilterChain))
#10 /Applications/MAMP/htdocs/yii/framework/web/CController.php(283): CFilterChain->run()
#11 /Applications/MAMP/htdocs/yii/framework/web/CController.php(257): CController->runActionWithFilters(Object(CInlineAction), Array)
#12 /Applications/MAMP/htdocs/yii/framework/web/CWebApplication.php(277): CController->run('create')
#13 /Applications/MAMP/htdocs/yii/framework/web/CWebApplication.php(136): CWebApplication->runController('user/create')
#14 /Applications/MAMP/htdocs/yii/framework/base/CApplication.php(158): CWebApplication->processRequest()
#15 /Applications/MAMP/htdocs/projektet/index.php(13): CApplication->run()
#16 {main} REQUEST_URI=/projektet/index.php?r=user/create
2011/11/07 17:08:01 [error] [exception.CException] exception 'CException' with message 'Usertypes and its behaviors do not have a method or closure named "fetchAll".' in /Applications/MAMP/htdocs/yii/framework/base/CComponent.php:269
Stack trace:
#0 /Applications/MAMP/htdocs/yii/framework/db/ar/CActiveRecord.php(214): CComponent->__call('fetchAll', Array)
#1 [internal function]: CActiveRecord->__call('fetchAll', Array)
#2 /Applications/MAMP/htdocs/projektet/protected/controllers/UserController.php(66): Usertypes->fetchAll()
#3 /Applications/MAMP/htdocs/yii/framework/web/actions/CInlineAction.php(50): UserController->actionCreate()
#4 /Applications/MAMP/htdocs/yii/framework/web/CController.php(300): CInlineAction->runWithParams(Array)
#5 /Applications/MAMP/htdocs/yii/framework/web/filters/CFilterChain.php(134): CController->runAction(Object(CInlineAction))
#6 /Applications/MAMP/htdocs/yii/framework/web/filters/CFilter.php(41): CFilterChain->run()
#7 /Applications/MAMP/htdocs/yii/framework/web/CController.php(1144): CFilter->filter(Object(CFilterChain))
#8 /Applications/MAMP/htdocs/yii/framework/web/filters/CInlineFilter.php(59): CController->filterAccessControl(Object(CFilterChain))
#9 /Applications/MAMP/htdocs/yii/framework/web/filters/CFilterChain.php(131): CInlineFilter->filter(Object(CFilterChain))
#10 /Applications/MAMP/htdocs/yii/framework/web/CController.php(283): CFilterChain->run()
#11 /Applications/MAMP/htdocs/yii/framework/web/CController.php(257): CController->runActionWithFilters(Object(CInlineAction), Array)
#12 /Applications/MAMP/htdocs/yii/framework/web/CWebApplication.php(277): CController->run('create')
#13 /Applications/MAMP/htdocs/yii/framework/web/CWebApplication.php(136): CWebApplication->runController('user/create')
#14 /Applications/MAMP/htdocs/yii/framework/base/CApplication.php(158): CWebApplication->processRequest()
#15 /Applications/MAMP/htdocs/projektet/index.php(13): CApplication->run()
#16 {main} REQUEST_URI=/projektet/index.php?r=user/create
2011/11/07 17:17:39 [error] [php] Undefined offset: 0 (/Applications/MAMP/htdocs/projektet/protected/controllers/UserController.php:67)
Stack trace:
#0 /Applications/MAMP/htdocs/yii/framework/web/filters/CFilterChain.php(134): UserController->runAction()
#1 /Applications/MAMP/htdocs/yii/framework/web/filters/CFilter.php(41): CFilterChain->run()
#2 /Applications/MAMP/htdocs/yii/framework/web/CController.php(1144): CAccessControlFilter->filter()
#3 /Applications/MAMP/htdocs/yii/framework/web/filters/CInlineFilter.php(59): UserController->filterAccessControl()
#4 /Applications/MAMP/htdocs/yii/framework/web/filters/CFilterChain.php(131): CInlineFilter->filter()
#5 /Applications/MAMP/htdocs/yii/framework/web/CController.php(283): CFilterChain->run()
#6 /Applications/MAMP/htdocs/yii/framework/web/CController.php(257): UserController->runActionWithFilters()
#7 /Applications/MAMP/htdocs/yii/framework/web/CWebApplication.php(277): UserController->run()
#8 /Applications/MAMP/htdocs/yii/framework/web/CWebApplication.php(136): CWebApplication->runController()
#9 /Applications/MAMP/htdocs/yii/framework/base/CApplication.php(158): CWebApplication->processRequest()
#10 /Applications/MAMP/htdocs/projektet/index.php(13): CWebApplication->run()
REQUEST_URI=/projektet/index.php?r=user/create
in /Applications/MAMP/htdocs/projektet/protected/controllers/UserController.php (67)
in /Applications/MAMP/htdocs/projektet/index.php (13)
2011/11/07 17:17:45 [error] [php] Undefined offset: 1 (/Applications/MAMP/htdocs/projektet/protected/controllers/UserController.php:67)
Stack trace:
#0 /Applications/MAMP/htdocs/yii/framework/web/filters/CFilterChain.php(134): UserController->runAction()
#1 /Applications/MAMP/htdocs/yii/framework/web/filters/CFilter.php(41): CFilterChain->run()
#2 /Applications/MAMP/htdocs/yii/framework/web/CController.php(1144): CAccessControlFilter->filter()
#3 /Applications/MAMP/htdocs/yii/framework/web/filters/CInlineFilter.php(59): UserController->filterAccessControl()
#4 /Applications/MAMP/htdocs/yii/framework/web/filters/CFilterChain.php(131): CInlineFilter->filter()
#5 /Applications/MAMP/htdocs/yii/framework/web/CController.php(283): CFilterChain->run()
#6 /Applications/MAMP/htdocs/yii/framework/web/CController.php(257): UserController->runActionWithFilters()
#7 /Applications/MAMP/htdocs/yii/framework/web/CWebApplication.php(277): UserController->run()
#8 /Applications/MAMP/htdocs/yii/framework/web/CWebApplication.php(136): CWebApplication->runController()
#9 /Applications/MAMP/htdocs/yii/framework/base/CApplication.php(158): CWebApplication->processRequest()
#10 /Applications/MAMP/htdocs/projektet/index.php(13): CWebApplication->run()
REQUEST_URI=/projektet/index.php?r=user/create
in /Applications/MAMP/htdocs/projektet/protected/controllers/UserController.php (67)
in /Applications/MAMP/htdocs/projektet/index.php (13)
2011/11/07 17:17:46 [error] [php] Undefined offset: 1 (/Applications/MAMP/htdocs/projektet/protected/controllers/UserController.php:67)
Stack trace:
#0 /Applications/MAMP/htdocs/yii/framework/web/filters/CFilterChain.php(134): UserController->runAction()
#1 /Applications/MAMP/htdocs/yii/framework/web/filters/CFilter.php(41): CFilterChain->run()
#2 /Applications/MAMP/htdocs/yii/framework/web/CController.php(1144): CAccessControlFilter->filter()
#3 /Applications/MAMP/htdocs/yii/framework/web/filters/CInlineFilter.php(59): UserController->filterAccessControl()
#4 /Applications/MAMP/htdocs/yii/framework/web/filters/CFilterChain.php(131): CInlineFilter->filter()
#5 /Applications/MAMP/htdocs/yii/framework/web/CController.php(283): CFilterChain->run()
#6 /Applications/MAMP/htdocs/yii/framework/web/CController.php(257): UserController->runActionWithFilters()
#7 /Applications/MAMP/htdocs/yii/framework/web/CWebApplication.php(277): UserController->run()
#8 /Applications/MAMP/htdocs/yii/framework/web/CWebApplication.php(136): CWebApplication->runController()
#9 /Applications/MAMP/htdocs/yii/framework/base/CApplication.php(158): CWebApplication->processRequest()
#10 /Applications/MAMP/htdocs/projektet/index.php(13): CWebApplication->run()
REQUEST_URI=/projektet/index.php?r=user/create
in /Applications/MAMP/htdocs/projektet/protected/controllers/UserController.php (67)
in /Applications/MAMP/htdocs/projektet/index.php (13)
2011/11/07 17:18:48 [error] [php] Undefined index: Usertype (/Applications/MAMP/htdocs/projektet/protected/controllers/UserController.php:67)
Stack trace:
#0 /Applications/MAMP/htdocs/yii/framework/web/filters/CFilterChain.php(134): UserController->runAction()
#1 /Applications/MAMP/htdocs/yii/framework/web/filters/CFilter.php(41): CFilterChain->run()
#2 /Applications/MAMP/htdocs/yii/framework/web/CController.php(1144): CAccessControlFilter->filter()
#3 /Applications/MAMP/htdocs/yii/framework/web/filters/CInlineFilter.php(59): UserController->filterAccessControl()
#4 /Applications/MAMP/htdocs/yii/framework/web/filters/CFilterChain.php(131): CInlineFilter->filter()
#5 /Applications/MAMP/htdocs/yii/framework/web/CController.php(283): CFilterChain->run()
#6 /Applications/MAMP/htdocs/yii/framework/web/CController.php(257): UserController->runActionWithFilters()
#7 /Applications/MAMP/htdocs/yii/framework/web/CWebApplication.php(277): UserController->run()
#8 /Applications/MAMP/htdocs/yii/framework/web/CWebApplication.php(136): CWebApplication->runController()
#9 /Applications/MAMP/htdocs/yii/framework/base/CApplication.php(158): CWebApplication->processRequest()
#10 /Applications/MAMP/htdocs/projektet/index.php(13): CWebApplication->run()
REQUEST_URI=/projektet/index.php?r=user/create
in /Applications/MAMP/htdocs/projektet/protected/controllers/UserController.php (67)
in /Applications/MAMP/htdocs/projektet/index.php (13)
2011/11/07 17:25:22 [error] [php] Use of undefined constant “” - assumed '“”' (/Applications/MAMP/htdocs/projektet/protected/controllers/UserController.php:67)
Stack trace:
#0 /Applications/MAMP/htdocs/yii/framework/web/filters/CFilterChain.php(134): UserController->runAction()
#1 /Applications/MAMP/htdocs/yii/framework/web/filters/CFilter.php(41): CFilterChain->run()
#2 /Applications/MAMP/htdocs/yii/framework/web/CController.php(1144): CAccessControlFilter->filter()
#3 /Applications/MAMP/htdocs/yii/framework/web/filters/CInlineFilter.php(59): UserController->filterAccessControl()
#4 /Applications/MAMP/htdocs/yii/framework/web/filters/CFilterChain.php(131): CInlineFilter->filter()
#5 /Applications/MAMP/htdocs/yii/framework/web/CController.php(283): CFilterChain->run()
#6 /Applications/MAMP/htdocs/yii/framework/web/CController.php(257): UserController->runActionWithFilters()
#7 /Applications/MAMP/htdocs/yii/framework/web/CWebApplication.php(277): UserController->run()
#8 /Applications/MAMP/htdocs/yii/framework/web/CWebApplication.php(136): CWebApplication->runController()
#9 /Applications/MAMP/htdocs/yii/framework/base/CApplication.php(158): CWebApplication->processRequest()
#10 /Applications/MAMP/htdocs/projektet/index.php(13): CWebApplication->run()
REQUEST_URI=/projektet/index.php?r=user/create
in /Applications/MAMP/htdocs/projektet/protected/controllers/UserController.php (67)
in /Applications/MAMP/htdocs/projektet/index.php (13)
2011/11/07 17:50:31 [error] [exception.CDbException] exception 'CDbException' with message 'Table "usertypes" does not have a column named "0".' in /Applications/MAMP/htdocs/yii/framework/db/schema/CDbCommandBuilder.php:568
Stack trace:
#0 /Applications/MAMP/htdocs/yii/framework/db/ar/CActiveRecord.php(1475): CDbCommandBuilder->createColumnCriteria(Object(CMysqlTableSchema), Array, '', Array, '`t`.')
#1 /Applications/MAMP/htdocs/projektet/protected/controllers/UsertypesController.php(68): CActiveRecord->findAllByAttributes(Array)
#2 /Applications/MAMP/htdocs/yii/framework/web/actions/CInlineAction.php(50): UsertypesController->actionCreate()
#3 /Applications/MAMP/htdocs/yii/framework/web/CController.php(300): CInlineAction->runWithParams(Array)
#4 /Applications/MAMP/htdocs/yii/framework/web/filters/CFilterChain.php(134): CController->runAction(Object(CInlineAction))
#5 /Applications/MAMP/htdocs/yii/framework/web/filters/CFilter.php(41): CFilterChain->run()
#6 /Applications/MAMP/htdocs/yii/framework/web/CController.php(1144): CFilter->filter(Object(CFilterChain))
#7 /Applications/MAMP/htdocs/yii/framework/web/filters/CInlineFilter.php(59): CController->filterAccessControl(Object(CFilterChain))
#8 /Applications/MAMP/htdocs/yii/framework/web/filters/CFilterChain.php(131): CInlineFilter->filter(Object(CFilterChain))
#9 /Applications/MAMP/htdocs/yii/framework/web/CController.php(283): CFilterChain->run()
#10 /Applications/MAMP/htdocs/yii/framework/web/CController.php(257): CController->runActionWithFilters(Object(CInlineAction), Array)
#11 /Applications/MAMP/htdocs/yii/framework/web/CWebApplication.php(277): CController->run('create')
#12 /Applications/MAMP/htdocs/yii/framework/web/CWebApplication.php(136): CWebApplication->runController('usertypes/creat...')
#13 /Applications/MAMP/htdocs/yii/framework/base/CApplication.php(158): CWebApplication->processRequest()
#14 /Applications/MAMP/htdocs/projektet/index.php(13): CApplication->run()
#15 {main} REQUEST_URI=/projektet/index.php?r=usertypes/create
2011/11/07 17:58:54 [error] [system.db.CDbCommand] CDbCommand::fetch() failed: SQLSTATE[42S22]: Column not found: 1054 Unknown column 'usertypeid' in 'field list'. The SQL statement executed was: SELECT usertypeid, usertype.
in /Applications/MAMP/htdocs/projektet/protected/controllers/UsertypesController.php (68)
in /Applications/MAMP/htdocs/projektet/index.php (13)
2011/11/07 17:58:54 [error] [exception.CDbException] exception 'CDbException' with message 'CDbCommand failed to execute the SQL statement: SQLSTATE[42S22]: Column not found: 1054 Unknown column 'usertypeid' in 'field list'. The SQL statement executed was: SELECT usertypeid, usertype' in /Applications/MAMP/htdocs/yii/framework/db/CDbCommand.php:516
Stack trace:
#0 /Applications/MAMP/htdocs/yii/framework/db/CDbCommand.php(393): CDbCommand->queryInternal('fetch', Array, Array)
#1 /Applications/MAMP/htdocs/yii/framework/db/ar/CActiveRecord.php(1498): CDbCommand->queryRow()
#2 /Applications/MAMP/htdocs/projektet/protected/controllers/UsertypesController.php(68): CActiveRecord->findBySql('SELECT usertype...')
#3 /Applications/MAMP/htdocs/yii/framework/web/actions/CInlineAction.php(50): UsertypesController->actionCreate()
#4 /Applications/MAMP/htdocs/yii/framework/web/CController.php(300): CInlineAction->runWithParams(Array)
#5 /Applications/MAMP/htdocs/yii/framework/web/filters/CFilterChain.php(134): CController->runAction(Object(CInlineAction))
#6 /Applications/MAMP/htdocs/yii/framework/web/filters/CFilter.php(41): CFilterChain->run()
#7 /Applications/MAMP/htdocs/yii/framework/web/CController.php(1144): CFilter->filter(Object(CFilterChain))
#8 /Applications/MAMP/htdocs/yii/framework/web/filters/CInlineFilter.php(59): CController->filterAccessControl(Object(CFilterChain))
#9 /Applications/MAMP/htdocs/yii/framework/web/filters/CFilterChain.php(131): CInlineFilter->filter(Object(CFilterChain))
#10 /Applications/MAMP/htdocs/yii/framework/web/CController.php(283): CFilterChain->run()
#11 /Applications/MAMP/htdocs/yii/framework/web/CController.php(257): CController->runActionWithFilters(Object(CInlineAction), Array)
#12 /Applications/MAMP/htdocs/yii/framework/web/CWebApplication.php(277): CController->run('create')
#13 /Applications/MAMP/htdocs/yii/framework/web/CWebApplication.php(136): CWebApplication->runController('usertypes/creat...')
#14 /Applications/MAMP/htdocs/yii/framework/base/CApplication.php(158): CWebApplication->processRequest()
#15 /Applications/MAMP/htdocs/projektet/index.php(13): CApplication->run()
#16 {main} REQUEST_URI=/projektet/index.php?r=usertypes/create
2011/11/07 18:01:24 [error] [php] Undefined index: usertype (/Applications/MAMP/htdocs/projektet/protected/controllers/UsertypesController.php:69)
Stack trace:
#0 /Applications/MAMP/htdocs/yii/framework/web/filters/CFilterChain.php(134): UsertypesController->runAction()
#1 /Applications/MAMP/htdocs/yii/framework/web/filters/CFilter.php(41): CFilterChain->run()
#2 /Applications/MAMP/htdocs/yii/framework/web/CController.php(1144): CAccessControlFilter->filter()
#3 /Applications/MAMP/htdocs/yii/framework/web/filters/CInlineFilter.php(59): UsertypesController->filterAccessControl()
#4 /Applications/MAMP/htdocs/yii/framework/web/filters/CFilterChain.php(131): CInlineFilter->filter()
#5 /Applications/MAMP/htdocs/yii/framework/web/CController.php(283): CFilterChain->run()
#6 /Applications/MAMP/htdocs/yii/framework/web/CController.php(257): UsertypesController->runActionWithFilters()
#7 /Applications/MAMP/htdocs/yii/framework/web/CWebApplication.php(277): UsertypesController->run()
#8 /Applications/MAMP/htdocs/yii/framework/web/CWebApplication.php(136): CWebApplication->runController()
#9 /Applications/MAMP/htdocs/yii/framework/base/CApplication.php(158): CWebApplication->processRequest()
#10 /Applications/MAMP/htdocs/projektet/index.php(13): CWebApplication->run()
REQUEST_URI=/projektet/index.php?r=usertypes/create
in /Applications/MAMP/htdocs/projektet/protected/controllers/UsertypesController.php (69)
in /Applications/MAMP/htdocs/projektet/index.php (13)
